00:09:43.226 [main] INFO  testCases.TC_001_AccRegistration - Registration Test Case started.....
17:55:28.493 [main] INFO  testCases.TC_001_AccRegistration - Registration Test Case started.....
17:56:26.077 [main] INFO  testCases.TC_001_AccRegistration - Registration Test Case started.....
17:56:29.543 [main] INFO  testCases.TC_001_AccRegistration - Registration Test Case completed.....
17:59:42.302 [TestNG-tests-1] INFO  testCases.TC_001_AccRegistration - Registration Test Case started.....
17:59:44.670 [TestNG-tests-2] INFO  testCases.TC_001_AccRegistration - Registration Test Case started.....
17:59:46.112 [TestNG-tests-1] INFO  testCases.TC_001_AccRegistration - Registration Test Case completed.....
17:59:48.206 [TestNG-tests-2] INFO  testCases.TC_001_AccRegistration - Registration Test Case completed.....
18:07:38.178 [main] INFO  testCases.TC_001_AccRegistration - Registration Test Case started.....
18:07:41.833 [main] INFO  testCases.TC_001_AccRegistration - Registration Test Case completed.....
18:22:30.700 [main] INFO  testCases.TC_001_AccRegistration - Registration Test Case started.....
18:22:34.181 [main] INFO  testCases.TC_001_AccRegistration - Registration Test Case completed.....
18:37:09.709 [main] INFO  testCases.TC_001_AccRegistration - Registration Test Case started.....
18:37:53.363 [main] INFO  testCases.TC_001_AccRegistration - Registration Test Case started.....
18:39:43.303 [main] INFO  testCases.TC_001_AccRegistration - Registration Test Case started.....
18:42:25.700 [main] INFO  testCases.TC_001_AccRegistration - Registration Test Case started.....
10:20:00.571 [main] INFO  testCases.TC_001_AccRegistration - Registration Test Case started.....
10:22:28.987 [main] INFO  testCases.TC_001_AccRegistration - Registration Test Case started.....
10:22:34.159 [main] INFO  testCases.TC_002_Login - Login TestCase Started
10:24:54.637 [main] INFO  testCases.TC_001_AccRegistration - Registration Test Case started.....
10:24:59.975 [main] INFO  testCases.TC_002_Login - Login TestCase Started
10:31:09.050 [main] INFO  testCases.TC_001_AccRegistration - Registration Test Case started.....
10:31:12.908 [main] INFO  testCases.TC_001_AccRegistration - Registration Test Case completed.....
10:31:14.157 [main] INFO  testCases.TC_002_Login - Login TestCase Started
10:39:15.713 [main] INFO  testCases.TC_001_AccRegistration - Registration Test Case started.....
10:39:19.422 [main] INFO  testCases.TC_001_AccRegistration - Registration Test Case completed.....
10:39:20.568 [main] INFO  testCases.TC_002_Login - Login TestCase Started
10:40:59.244 [main] INFO  testCases.TC_001_AccRegistration - Registration Test Case started.....
10:41:02.971 [main] INFO  testCases.TC_001_AccRegistration - Registration Test Case completed.....
10:41:04.210 [main] INFO  testCases.TC_002_Login - Login TestCase Started
10:41:35.736 [main] INFO  testCases.TC_001_AccRegistration - Registration Test Case started.....
10:41:39.476 [main] INFO  testCases.TC_001_AccRegistration - Registration Test Case completed.....
10:41:40.629 [main] INFO  testCases.TC_002_Login - Login TestCase Started
11:01:22.237 [main] INFO  testCases.TC_001_AccRegistration - Registration Test Case started.....
11:01:26.196 [main] INFO  testCases.TC_001_AccRegistration - Registration Test Case completed.....
11:02:31.659 [main] INFO  testCases.TC_001_AccRegistration - Registration Test Case started.....
11:02:35.647 [main] INFO  testCases.TC_001_AccRegistration - Registration Test Case completed.....
17:39:57.847 [main] INFO  testCases.TC_001_AccRegistration - Registration Test Case started.....
17:40:01.758 [main] INFO  testCases.TC_001_AccRegistration - Registration Test Case completed.....
17:40:02.979 [main] INFO  testCases.TC_002_Login - Login TestCase Started
17:48:35.347 [main] INFO  testCases.TC_001_AccRegistration - Registration Test Case started.....
17:48:39.200 [main] INFO  testCases.TC_001_AccRegistration - Registration Test Case completed.....
17:48:40.316 [main] INFO  testCases.TC_002_Login - Login TestCase Started
17:48:43.779 [main] INFO  testCases.TC_003_LoginDDT - Login DDT TestCase  Started
17:48:50.076 [main] INFO  testCases.TC_003_LoginDDT - Login DDT TestCase  Started
17:48:55.992 [main] INFO  testCases.TC_003_LoginDDT - Login DDT TestCase  Started
17:49:01.812 [main] INFO  testCases.TC_003_LoginDDT - Login DDT TestCase  Started
12:33:27.933 [main] INFO  testCases.TC_001_AccRegistration - Registration Test Case started.....
12:34:04.514 [main] INFO  testCases.TC_001_AccRegistration - Registration Test Case started.....
12:34:10.323 [main] INFO  testCases.TC_001_AccRegistration - Registration Test Case completed.....
12:51:53.383 [main] INFO  testCases.TC_001_AccRegistration - Registration Test Case started.....
12:51:57.518 [main] INFO  testCases.TC_001_AccRegistration - Registration Test Case completed.....
12:51:58.750 [main] INFO  testCases.TC_002_Login - Login TestCase Started
12:52:02.139 [main] INFO  testCases.TC_003_LoginDDT - TC_003 Login DDT TestCase  Started
12:52:03.686 [main] INFO  testCases.TC_003_LoginDDT - TC_003 Login DDT TestCase  Started
12:52:09.596 [main] INFO  testCases.TC_003_LoginDDT - TC_003 Login DDT TestCase  Started
12:52:15.483 [main] INFO  testCases.TC_003_LoginDDT - TC_003 Login DDT TestCase  Started
14:17:05.617 [main] INFO  testCases.TC_001_AccRegistration - Registration Test Case started.....
14:17:09.323 [main] INFO  testCases.TC_001_AccRegistration - Registration Test Case completed.....
14:17:10.413 [main] INFO  testCases.TC_002_Login - Login TestCase Started
14:27:20.452 [main] INFO  testCases.TC_001_AccRegistration - Registration Test Case started.....
14:27:24.354 [main] INFO  testCases.TC_001_AccRegistration - Registration Test Case completed.....
14:27:25.374 [main] INFO  testCases.TC_002_Login - Login TestCase Started
14:30:54.144 [main] INFO  testCases.TC_001_AccRegistration - Registration Test Case started.....
14:30:57.892 [main] INFO  testCases.TC_001_AccRegistration - Registration Test Case completed.....
14:30:58.892 [main] INFO  testCases.TC_002_Login - Login TestCase Started
14:33:21.620 [main] INFO  testCases.TC_001_AccRegistration - Registration Test Case started.....
14:33:25.457 [main] INFO  testCases.TC_001_AccRegistration - Registration Test Case completed.....
14:33:26.548 [main] INFO  testCases.TC_002_Login - Login TestCase Started
14:35:37.535 [main] INFO  testCases.TC_001_AccRegistration - Registration Test Case started.....
14:35:41.322 [main] INFO  testCases.TC_001_AccRegistration - Registration Test Case completed.....
14:35:42.354 [main] INFO  testCases.TC_002_Login - Login TestCase Started
14:37:33.669 [main] INFO  testCases.TC_001_AccRegistration - Registration Test Case started.....
14:37:37.458 [main] INFO  testCases.TC_001_AccRegistration - Registration Test Case completed.....
14:37:38.634 [main] INFO  testCases.TC_002_Login - Login TestCase Started
14:37:39.957 [main] INFO  testCases.TC_002_Login - Login_Test case completed
